<?xml version="1.0" encoding="UTF-8"?>
<!-- Generated by org.testng.reporters.JUnitReportReporter -->
<testsuite skipped="0" hostname="INCHN-WS-304" name="AnnotationsTests.AnnotationsTest" tests="1" failures="0" timestamp="30 Jan 2019 11:55:03 GMT" time="6.802" errors="0">
  <testcase name="LaunchBrowser" time="6.802" classname="AnnotationsTests.AnnotationsTest"/>
</testsuite> <!-- AnnotationsTests.AnnotationsTest -->
